<?xml version="1.0" encoding="UTF-8"?>
<robot generator="Robot 3.2.2 (Python 3.8.5 on win32)" generated="20200923 21:11:03.647" rpa="false">
<suite id="s1" name="VOAContact" source="C:\Users\janti\Desktop\Eclipse2020\RobotFramework\VOAContact">
<suite id="s1-s1" name="Tests" source="C:\Users\janti\Desktop\Eclipse2020\RobotFramework\VOAContact\Tests">
<suite id="s1-s1-s1" name="contactVOA" source="C:\Users\janti\Desktop\Eclipse2020\RobotFramework\VOAContact\Tests\contactVOA.robot">
<kw name="Open a browser" library="resources" type="setup">
<kw name="Open Browser" library="SeleniumLibrary">
<doc>Opens a new browser instance to the optional ``url``.</doc>
<arguments>
<arg>${url}</arg>
<arg>${browser}</arg>
</arguments>
<msg timestamp="20200923 21:11:04.070" level="INFO">Opening browser 'Chrome' to base url 'https://www.gov.uk/government/organisations/valuation-office-agency'.</msg>
<status status="PASS" starttime="20200923 21:11:04.070" endtime="20200923 21:11:08.057"></status>
</kw>
<kw name="Maximize Browser Window" library="SeleniumLibrary">
<doc>Maximizes current browser window.</doc>
<status status="PASS" starttime="20200923 21:11:08.059" endtime="20200923 21:11:10.180"></status>
</kw>
<status status="PASS" starttime="20200923 21:11:04.070" endtime="20200923 21:11:10.182"></status>
</kw>
<test id="s1-s1-s1-t1" name="Contact VOA">
<kw name="Click contact VOA" library="resources">
<arguments>
<arg>${contactForm}</arg>
</arguments>
<kw name="Click Link" library="SeleniumLibrary">
<doc>Clicks a link identified by ``locator``.</doc>
<arguments>
<arg>partiallink:${partialLink}</arg>
</arguments>
<msg timestamp="20200923 21:11:10.183" level="INFO">Clicking link 'partiallink:Contact Form'.</msg>
<status status="PASS" starttime="20200923 21:11:10.183" endtime="20200923 21:11:10.560"></status>
</kw>
<kw name="Sleep" library="BuiltIn">
<doc>Pauses the test executed for the given time.</doc>
<arguments>
<arg>2s</arg>
</arguments>
<msg timestamp="20200923 21:11:12.561" level="INFO">Slept 2 seconds</msg>
<status status="PASS" starttime="20200923 21:11:10.560" endtime="20200923 21:11:12.561"></status>
</kw>
<status status="PASS" starttime="20200923 21:11:10.182" endtime="20200923 21:11:12.562"></status>
</kw>
<status status="PASS" starttime="20200923 21:11:10.182" endtime="20200923 21:11:12.563" critical="yes"></status>
</test>
<test id="s1-s1-s1-t2" name="Start Now">
<kw name="Click contact VOA" library="resources">
<arguments>
<arg>${startNow}</arg>
</arguments>
<kw name="Click Link" library="SeleniumLibrary">
<doc>Clicks a link identified by ``locator``.</doc>
<arguments>
<arg>partiallink:${partialLink}</arg>
</arguments>
<msg timestamp="20200923 21:11:12.568" level="INFO">Clicking link 'partiallink:Start now'.</msg>
<status status="PASS" starttime="20200923 21:11:12.567" endtime="20200923 21:11:13.739"></status>
</kw>
<kw name="Sleep" library="BuiltIn">
<doc>Pauses the test executed for the given time.</doc>
<arguments>
<arg>2s</arg>
</arguments>
<msg timestamp="20200923 21:11:15.741" level="INFO">Slept 2 seconds</msg>
<status status="PASS" starttime="20200923 21:11:13.739" endtime="20200923 21:11:15.742"></status>
</kw>
<status status="PASS" starttime="20200923 21:11:12.565" endtime="20200923 21:11:15.743"></status>
</kw>
<status status="PASS" starttime="20200923 21:11:12.564" endtime="20200923 21:11:15.744" critical="yes"></status>
</test>
<test id="s1-s1-s1-t3" name="Council Tax">
<kw name="Select Radio" library="resources">
<arguments>
<arg>${groupName}</arg>
<arg>${councilTaxId}</arg>
</arguments>
<kw name="Select Radio Button" library="SeleniumLibrary">
<doc>Sets the radio button group ``group_name`` to ``value``.</doc>
<arguments>
<arg>${groupName}</arg>
<arg>${councilTaxId}</arg>
</arguments>
<msg timestamp="20200923 21:11:15.753" level="INFO">Selecting 'enquiryCategory.council_tax' from radio button 'value'.</msg>
<status status="PASS" starttime="20200923 21:11:15.752" endtime="20200923 21:11:15.905"></status>
</kw>
<kw name="Sleep" library="BuiltIn">
<doc>Pauses the test executed for the given time.</doc>
<arguments>
<arg>2s</arg>
</arguments>
<msg timestamp="20200923 21:11:17.907" level="INFO">Slept 2 seconds</msg>
<status status="PASS" starttime="20200923 21:11:15.905" endtime="20200923 21:11:17.908"></status>
</kw>
<status status="PASS" starttime="20200923 21:11:15.749" endtime="20200923 21:11:17.909"></status>
</kw>
<status status="PASS" starttime="20200923 21:11:15.747" endtime="20200923 21:11:17.910" critical="yes"></status>
</test>
<test id="s1-s1-s1-t4" name="SubmitContinue">
<kw name="Submit" library="resources">
<arguments>
<arg>${continue}</arg>
</arguments>
<kw name="Click Button" library="SeleniumLibrary">
<doc>Clicks the button identified by ``locator``.</doc>
<arguments>
<arg>${continue}</arg>
</arguments>
<msg timestamp="20200923 21:11:17.919" level="INFO">Clicking button 'Continue'.</msg>
<status status="PASS" starttime="20200923 21:11:17.918" endtime="20200923 21:11:18.375"></status>
</kw>
<kw name="Sleep" library="BuiltIn">
<doc>Pauses the test executed for the given time.</doc>
<arguments>
<arg>2s</arg>
</arguments>
<msg timestamp="20200923 21:11:20.377" level="INFO">Slept 2 seconds</msg>
<status status="PASS" starttime="20200923 21:11:18.375" endtime="20200923 21:11:20.378"></status>
</kw>
<status status="PASS" starttime="20200923 21:11:17.915" endtime="20200923 21:11:20.379"></status>
</kw>
<kw name="Click contact VOA" library="resources">
<arguments>
<arg>${continue}</arg>
</arguments>
<kw name="Click Link" library="SeleniumLibrary">
<doc>Clicks a link identified by ``locator``.</doc>
<arguments>
<arg>partiallink:${partialLink}</arg>
</arguments>
<msg timestamp="20200923 21:11:20.384" level="INFO">Clicking link 'partiallink:Continue'.</msg>
<status status="PASS" starttime="20200923 21:11:20.383" endtime="20200923 21:11:20.749"></status>
</kw>
<kw name="Sleep" library="BuiltIn">
<doc>Pauses the test executed for the given time.</doc>
<arguments>
<arg>2s</arg>
</arguments>
<msg timestamp="20200923 21:11:22.751" level="INFO">Slept 2 seconds</msg>
<status status="PASS" starttime="20200923 21:11:20.749" endtime="20200923 21:11:22.752"></status>
</kw>
<status status="PASS" starttime="20200923 21:11:20.380" endtime="20200923 21:11:22.753"></status>
</kw>
<status status="PASS" starttime="20200923 21:11:17.913" endtime="20200923 21:11:22.755" critical="yes"></status>
</test>
<test id="s1-s1-s1-t5" name="Council Tax Sub">
<kw name="Select Radio" library="resources">
<arguments>
<arg>${groupName}</arg>
<arg>${councilTaxSub}</arg>
</arguments>
<kw name="Select Radio Button" library="SeleniumLibrary">
<doc>Sets the radio button group ``group_name`` to ``value``.</doc>
<arguments>
<arg>${groupName}</arg>
<arg>${councilTaxId}</arg>
</arguments>
<msg timestamp="20200923 21:11:22.761" level="INFO">Selecting 'councilTaxSubcategory.council_tax_other' from radio button 'value'.</msg>
<status status="PASS" starttime="20200923 21:11:22.760" endtime="20200923 21:11:22.842"></status>
</kw>
<kw name="Sleep" library="BuiltIn">
<doc>Pauses the test executed for the given time.</doc>
<arguments>
<arg>2s</arg>
</arguments>
<msg timestamp="20200923 21:11:24.843" level="INFO">Slept 2 seconds</msg>
<status status="PASS" starttime="20200923 21:11:22.842" endtime="20200923 21:11:24.843"></status>
</kw>
<status status="PASS" starttime="20200923 21:11:22.758" endtime="20200923 21:11:24.843"></status>
</kw>
<kw name="Submit" library="resources">
<arguments>
<arg>${continue}</arg>
</arguments>
<kw name="Click Button" library="SeleniumLibrary">
<doc>Clicks the button identified by ``locator``.</doc>
<arguments>
<arg>${continue}</arg>
</arguments>
<msg timestamp="20200923 21:11:24.845" level="INFO">Clicking button 'Continue'.</msg>
<status status="PASS" starttime="20200923 21:11:24.845" endtime="20200923 21:11:24.923"></status>
</kw>
<kw name="Sleep" library="BuiltIn">
<doc>Pauses the test executed for the given time.</doc>
<arguments>
<arg>2s</arg>
</arguments>
<msg timestamp="20200923 21:11:26.924" level="INFO">Slept 2 seconds</msg>
<status status="PASS" starttime="20200923 21:11:24.924" endtime="20200923 21:11:26.926"></status>
</kw>
<status status="PASS" starttime="20200923 21:11:24.844" endtime="20200923 21:11:26.927"></status>
</kw>
<status status="PASS" starttime="20200923 21:11:22.756" endtime="20200923 21:11:26.928" critical="yes"></status>
</test>
<test id="s1-s1-s1-t6" name="Enter Details">
<kw name="Enter Text" library="resources">
<arguments>
<arg>${idfn}</arg>
<arg>${firstname}</arg>
</arguments>
<kw name="Input Text" library="SeleniumLibrary">
<doc>Types the given ``text`` into the text field identified by ``locator``.</doc>
<arguments>
<arg>id=${id}</arg>
<arg>${text}</arg>
</arguments>
<msg timestamp="20200923 21:11:26.942" level="INFO">Typing text 'Testadmin' into text field 'id=firstName'.</msg>
<status status="PASS" starttime="20200923 21:11:26.939" endtime="20200923 21:11:27.061"></status>
</kw>
<kw name="Sleep" library="BuiltIn">
<doc>Pauses the test executed for the given time.</doc>
<arguments>
<arg>1s</arg>
</arguments>
<msg timestamp="20200923 21:11:28.063" level="INFO">Slept 1 second</msg>
<status status="PASS" starttime="20200923 21:11:27.061" endtime="20200923 21:11:28.064"></status>
</kw>
<status status="PASS" starttime="20200923 21:11:26.934" endtime="20200923 21:11:28.066"></status>
</kw>
<kw name="Enter Text" library="resources">
<arguments>
<arg>${idln}</arg>
<arg>${lastname}</arg>
</arguments>
<kw name="Input Text" library="SeleniumLibrary">
<doc>Types the given ``text`` into the text field identified by ``locator``.</doc>
<arguments>
<arg>id=${id}</arg>
<arg>${text}</arg>
</arguments>
<msg timestamp="20200923 21:11:28.071" level="INFO">Typing text 'lastname' into text field 'id=lastName'.</msg>
<status status="PASS" starttime="20200923 21:11:28.069" endtime="20200923 21:11:28.212"></status>
</kw>
<kw name="Sleep" library="BuiltIn">
<doc>Pauses the test executed for the given time.</doc>
<arguments>
<arg>1s</arg>
</arguments>
<msg timestamp="20200923 21:11:29.215" level="INFO">Slept 1 second</msg>
<status status="PASS" starttime="20200923 21:11:28.212" endtime="20200923 21:11:29.216"></status>
</kw>
<status status="PASS" starttime="20200923 21:11:28.067" endtime="20200923 21:11:29.218"></status>
</kw>
<kw name="Enter Text" library="resources">
<arguments>
<arg>${idemail}</arg>
<arg>${email}</arg>
</arguments>
<kw name="Input Text" library="SeleniumLibrary">
<doc>Types the given ``text`` into the text field identified by ``locator``.</doc>
<arguments>
<arg>id=${id}</arg>
<arg>${text}</arg>
</arguments>
<msg timestamp="20200923 21:11:29.225" level="INFO">Typing text 'admintest@abc.com' into text field 'id=email'.</msg>
<status status="PASS" starttime="20200923 21:11:29.223" endtime="20200923 21:11:29.339"></status>
</kw>
<kw name="Sleep" library="BuiltIn">
<doc>Pauses the test executed for the given time.</doc>
<arguments>
<arg>1s</arg>
</arguments>
<msg timestamp="20200923 21:11:30.341" level="INFO">Slept 1 second</msg>
<status status="PASS" starttime="20200923 21:11:29.340" endtime="20200923 21:11:30.342"></status>
</kw>
<status status="PASS" starttime="20200923 21:11:29.220" endtime="20200923 21:11:30.344"></status>
</kw>
<kw name="Enter Text" library="resources">
<arguments>
<arg>${idphone}</arg>
<arg>${phoneNumber}</arg>
</arguments>
<kw name="Input Text" library="SeleniumLibrary">
<doc>Types the given ``text`` into the text field identified by ``locator``.</doc>
<arguments>
<arg>id=${id}</arg>
<arg>${text}</arg>
</arguments>
<msg timestamp="20200923 21:11:30.349" level="INFO">Typing text '07535432435' into text field 'id=contactNumber'.</msg>
<status status="PASS" starttime="20200923 21:11:30.347" endtime="20200923 21:11:30.484"></status>
</kw>
<kw name="Sleep" library="BuiltIn">
<doc>Pauses the test executed for the given time.</doc>
<arguments>
<arg>1s</arg>
</arguments>
<msg timestamp="20200923 21:11:31.487" level="INFO">Slept 1 second</msg>
<status status="PASS" starttime="20200923 21:11:30.484" endtime="20200923 21:11:31.488"></status>
</kw>
<status status="PASS" starttime="20200923 21:11:30.345" endtime="20200923 21:11:31.489"></status>
</kw>
<kw name="Submit" library="resources">
<arguments>
<arg>${continue}</arg>
</arguments>
<kw name="Click Button" library="SeleniumLibrary">
<doc>Clicks the button identified by ``locator``.</doc>
<arguments>
<arg>${continue}</arg>
</arguments>
<msg timestamp="20200923 21:11:31.494" level="INFO">Clicking button 'Continue'.</msg>
<status status="PASS" starttime="20200923 21:11:31.493" endtime="20200923 21:11:31.803"></status>
</kw>
<kw name="Sleep" library="BuiltIn">
<doc>Pauses the test executed for the given time.</doc>
<arguments>
<arg>2s</arg>
</arguments>
<msg timestamp="20200923 21:11:33.806" level="INFO">Slept 2 seconds</msg>
<status status="PASS" starttime="20200923 21:11:31.804" endtime="20200923 21:11:33.807"></status>
</kw>
<status status="PASS" starttime="20200923 21:11:31.490" endtime="20200923 21:11:33.808"></status>
</kw>
<status status="PASS" starttime="20200923 21:11:26.930" endtime="20200923 21:11:33.809" critical="yes"></status>
</test>
<kw name="Close browsers" library="resources" type="teardown">
<kw name="Close All Browsers" library="SeleniumLibrary">
<doc>Closes all open browsers and resets the browser cache.</doc>
<status status="PASS" starttime="20200923 21:11:33.817" endtime="20200923 21:11:35.952"></status>
</kw>
<status status="PASS" starttime="20200923 21:11:33.815" endtime="20200923 21:11:35.953"></status>
</kw>
<status status="PASS" starttime="20200923 21:11:03.741" endtime="20200923 21:11:35.954"></status>
</suite>
<status status="PASS" starttime="20200923 21:11:03.739" endtime="20200923 21:11:35.965"></status>
</suite>
<status status="PASS" starttime="20200923 21:11:03.716" endtime="20200923 21:11:35.974"></status>
</suite>
<statistics>
<total>
<stat pass="6" fail="0">Critical Tests</stat>
<stat pass="6" fail="0">All Tests</stat>
</total>
<tag>
</tag>
<suite>
<stat pass="6" fail="0" id="s1" name="VOAContact">VOAContact</stat>
<stat pass="6" fail="0" id="s1-s1" name="Tests">VOAContact.Tests</stat>
<stat pass="6" fail="0" id="s1-s1-s1" name="contactVOA">VOAContact.Tests.contactVOA</stat>
</suite>
</statistics>
<errors>
</errors>
</robot>
