<?xml version="1.0" encoding="UTF-8"?>
<robot generator="Robot 3.2.2 (Python 3.8.5 on win32)" generated="20200904 00:34:42.227" rpa="false">
<suite id="s1" name="InnovationFunding" source="C:\Users\janti\git\RobotProject\InnovationFunding">
<suite id="s1-s1" name="TestCases" source="C:\Users\janti\git\RobotProject\InnovationFunding\TestCases">
<suite id="s1-s1-s1" name="InvalidLogin" source="C:\Users\janti\git\RobotProject\InnovationFunding\TestCases\InvalidLogin.robot">
<kw name="Open a browser" library="Login_resources" type="setup">
<kw name="Open Browser" library="SeleniumLibrary">
<doc>Opens a new browser instance to the optional ``url``.</doc>
<arguments>
<arg>${url}</arg>
<arg>${browser}</arg>
</arguments>
<msg timestamp="20200904 00:34:42.488" level="INFO">Opening browser 'Chrome' to base url 'https://apply-for-innovation-funding.service.gov.uk/'.</msg>
<status status="PASS" starttime="20200904 00:34:42.487" endtime="20200904 00:34:46.551"></status>
</kw>
<kw name="Maximize Browser Window" library="SeleniumLibrary">
<doc>Maximizes current browser window.</doc>
<status status="PASS" starttime="20200904 00:34:46.552" endtime="20200904 00:34:48.701"></status>
</kw>
<status status="PASS" starttime="20200904 00:34:42.486" endtime="20200904 00:34:48.702"></status>
</kw>
<test id="s1-s1-s1-t1" name="Incorrect email_id and password">
<kw name="Invalid Login">
<arguments>
<arg>testaccount@gmail.com</arg>
<arg>test1234</arg>
</arguments>
<kw name="Enter Email Address" library="Login_resources">
<arguments>
<arg>${email_id}</arg>
</arguments>
<kw name="Input Text" library="SeleniumLibrary">
<doc>Types the given ``text`` into the text field identified by ``locator``.</doc>
<arguments>
<arg>id=username</arg>
<arg>${email_id}</arg>
</arguments>
<msg timestamp="20200904 00:34:48.705" level="INFO">Typing text 'testaccount@gmail.com' into text field 'id=username'.</msg>
<status status="PASS" starttime="20200904 00:34:48.705" endtime="20200904 00:34:48.803"></status>
</kw>
<status status="PASS" starttime="20200904 00:34:48.704" endtime="20200904 00:34:48.804"></status>
</kw>
<kw name="Enter Password" library="Login_resources">
<arguments>
<arg>${password}</arg>
</arguments>
<kw name="Input Password" library="SeleniumLibrary">
<doc>Types the given password into the text field identified by ``locator``.</doc>
<arguments>
<arg>id=password</arg>
<arg>${password}</arg>
</arguments>
<msg timestamp="20200904 00:34:48.806" level="INFO">Typing password into text field 'id=password'.</msg>
<msg timestamp="20200904 00:34:48.844" level="INFO">Temporally setting log level to: NONE</msg>
<msg timestamp="20200904 00:34:48.888" level="INFO">Log level changed from NONE to INFO.</msg>
<status status="PASS" starttime="20200904 00:34:48.805" endtime="20200904 00:34:48.888"></status>
</kw>
<status status="PASS" starttime="20200904 00:34:48.804" endtime="20200904 00:34:48.888"></status>
</kw>
<kw name="Click Sign In" library="Login_resources">
<kw name="Click Button" library="SeleniumLibrary">
<doc>Clicks the button identified by ``locator``.</doc>
<arguments>
<arg>id=sign-in-cta</arg>
</arguments>
<msg timestamp="20200904 00:34:48.889" level="INFO">Clicking button 'id=sign-in-cta'.</msg>
<status status="PASS" starttime="20200904 00:34:48.889" endtime="20200904 00:34:49.305"></status>
</kw>
<status status="PASS" starttime="20200904 00:34:48.889" endtime="20200904 00:34:49.306"></status>
</kw>
<kw name="Sleep" library="BuiltIn">
<doc>Pauses the test executed for the given time.</doc>
<arguments>
<arg>2</arg>
</arguments>
<msg timestamp="20200904 00:34:51.306" level="INFO">Slept 2 seconds</msg>
<status status="PASS" starttime="20200904 00:34:49.306" endtime="20200904 00:34:51.307"></status>
</kw>
<status status="PASS" starttime="20200904 00:34:48.703" endtime="20200904 00:34:51.308"></status>
</kw>
<status status="PASS" starttime="20200904 00:34:48.702" endtime="20200904 00:34:51.310" critical="yes"></status>
</test>
<test id="s1-s1-s1-t2" name="Incorrect email_id and empty password">
<kw name="Invalid Login">
<arguments>
<arg>aba@yahoo.com</arg>
<arg>${EMPTY}</arg>
</arguments>
<kw name="Enter Email Address" library="Login_resources">
<arguments>
<arg>${email_id}</arg>
</arguments>
<kw name="Input Text" library="SeleniumLibrary">
<doc>Types the given ``text`` into the text field identified by ``locator``.</doc>
<arguments>
<arg>id=username</arg>
<arg>${email_id}</arg>
</arguments>
<msg timestamp="20200904 00:34:51.316" level="INFO">Typing text 'aba@yahoo.com' into text field 'id=username'.</msg>
<status status="PASS" starttime="20200904 00:34:51.315" endtime="20200904 00:34:51.486"></status>
</kw>
<status status="PASS" starttime="20200904 00:34:51.314" endtime="20200904 00:34:51.486"></status>
</kw>
<kw name="Enter Password" library="Login_resources">
<arguments>
<arg>${password}</arg>
</arguments>
<kw name="Input Password" library="SeleniumLibrary">
<doc>Types the given password into the text field identified by ``locator``.</doc>
<arguments>
<arg>id=password</arg>
<arg>${password}</arg>
</arguments>
<msg timestamp="20200904 00:34:51.487" level="INFO">Typing password into text field 'id=password'.</msg>
<msg timestamp="20200904 00:34:51.532" level="INFO">Temporally setting log level to: NONE</msg>
<msg timestamp="20200904 00:34:51.606" level="INFO">Log level changed from NONE to INFO.</msg>
<status status="PASS" starttime="20200904 00:34:51.487" endtime="20200904 00:34:51.607"></status>
</kw>
<status status="PASS" starttime="20200904 00:34:51.486" endtime="20200904 00:34:51.608"></status>
</kw>
<kw name="Click Sign In" library="Login_resources">
<kw name="Click Button" library="SeleniumLibrary">
<doc>Clicks the button identified by ``locator``.</doc>
<arguments>
<arg>id=sign-in-cta</arg>
</arguments>
<msg timestamp="20200904 00:34:51.608" level="INFO">Clicking button 'id=sign-in-cta'.</msg>
<status status="PASS" starttime="20200904 00:34:51.608" endtime="20200904 00:34:51.707"></status>
</kw>
<status status="PASS" starttime="20200904 00:34:51.608" endtime="20200904 00:34:51.707"></status>
</kw>
<kw name="Sleep" library="BuiltIn">
<doc>Pauses the test executed for the given time.</doc>
<arguments>
<arg>2</arg>
</arguments>
<msg timestamp="20200904 00:34:53.708" level="INFO">Slept 2 seconds</msg>
<status status="PASS" starttime="20200904 00:34:51.707" endtime="20200904 00:34:53.708"></status>
</kw>
<status status="PASS" starttime="20200904 00:34:51.312" endtime="20200904 00:34:53.709"></status>
</kw>
<status status="PASS" starttime="20200904 00:34:51.311" endtime="20200904 00:34:53.709" critical="yes"></status>
</test>
<test id="s1-s1-s1-t3" name="Empty email_id and wrong password">
<kw name="Invalid Login">
<arguments>
<arg>${EMPTY}</arg>
<arg>abc123</arg>
</arguments>
<kw name="Enter Email Address" library="Login_resources">
<arguments>
<arg>${email_id}</arg>
</arguments>
<kw name="Input Text" library="SeleniumLibrary">
<doc>Types the given ``text`` into the text field identified by ``locator``.</doc>
<arguments>
<arg>id=username</arg>
<arg>${email_id}</arg>
</arguments>
<msg timestamp="20200904 00:34:53.713" level="INFO">Typing text '' into text field 'id=username'.</msg>
<status status="PASS" starttime="20200904 00:34:53.713" endtime="20200904 00:34:53.769"></status>
</kw>
<status status="PASS" starttime="20200904 00:34:53.712" endtime="20200904 00:34:53.769"></status>
</kw>
<kw name="Enter Password" library="Login_resources">
<arguments>
<arg>${password}</arg>
</arguments>
<kw name="Input Password" library="SeleniumLibrary">
<doc>Types the given password into the text field identified by ``locator``.</doc>
<arguments>
<arg>id=password</arg>
<arg>${password}</arg>
</arguments>
<msg timestamp="20200904 00:34:53.770" level="INFO">Typing password into text field 'id=password'.</msg>
<msg timestamp="20200904 00:34:53.789" level="INFO">Temporally setting log level to: NONE</msg>
<msg timestamp="20200904 00:34:53.819" level="INFO">Log level changed from NONE to INFO.</msg>
<status status="PASS" starttime="20200904 00:34:53.770" endtime="20200904 00:34:53.820"></status>
</kw>
<status status="PASS" starttime="20200904 00:34:53.769" endtime="20200904 00:34:53.820"></status>
</kw>
<kw name="Click Sign In" library="Login_resources">
<kw name="Click Button" library="SeleniumLibrary">
<doc>Clicks the button identified by ``locator``.</doc>
<arguments>
<arg>id=sign-in-cta</arg>
</arguments>
<msg timestamp="20200904 00:34:53.821" level="INFO">Clicking button 'id=sign-in-cta'.</msg>
<status status="PASS" starttime="20200904 00:34:53.821" endtime="20200904 00:34:53.869"></status>
</kw>
<status status="PASS" starttime="20200904 00:34:53.820" endtime="20200904 00:34:53.870"></status>
</kw>
<kw name="Sleep" library="BuiltIn">
<doc>Pauses the test executed for the given time.</doc>
<arguments>
<arg>2</arg>
</arguments>
<msg timestamp="20200904 00:34:55.871" level="INFO">Slept 2 seconds</msg>
<status status="PASS" starttime="20200904 00:34:53.870" endtime="20200904 00:34:55.871"></status>
</kw>
<status status="PASS" starttime="20200904 00:34:53.711" endtime="20200904 00:34:55.871"></status>
</kw>
<status status="PASS" starttime="20200904 00:34:53.710" endtime="20200904 00:34:55.872" critical="yes"></status>
</test>
<test id="s1-s1-s1-t4" name="Empty email_id and password">
<kw name="Invalid Login">
<arguments>
<arg>${EMPTY}</arg>
<arg>${EMPTY}</arg>
</arguments>
<kw name="Enter Email Address" library="Login_resources">
<arguments>
<arg>${email_id}</arg>
</arguments>
<kw name="Input Text" library="SeleniumLibrary">
<doc>Types the given ``text`` into the text field identified by ``locator``.</doc>
<arguments>
<arg>id=username</arg>
<arg>${email_id}</arg>
</arguments>
<msg timestamp="20200904 00:34:55.876" level="INFO">Typing text '' into text field 'id=username'.</msg>
<status status="PASS" starttime="20200904 00:34:55.875" endtime="20200904 00:34:55.944"></status>
</kw>
<status status="PASS" starttime="20200904 00:34:55.874" endtime="20200904 00:34:55.945"></status>
</kw>
<kw name="Enter Password" library="Login_resources">
<arguments>
<arg>${password}</arg>
</arguments>
<kw name="Input Password" library="SeleniumLibrary">
<doc>Types the given password into the text field identified by ``locator``.</doc>
<arguments>
<arg>id=password</arg>
<arg>${password}</arg>
</arguments>
<msg timestamp="20200904 00:34:55.946" level="INFO">Typing password into text field 'id=password'.</msg>
<msg timestamp="20200904 00:34:55.990" level="INFO">Temporally setting log level to: NONE</msg>
<msg timestamp="20200904 00:34:56.020" level="INFO">Log level changed from NONE to INFO.</msg>
<status status="PASS" starttime="20200904 00:34:55.945" endtime="20200904 00:34:56.021"></status>
</kw>
<status status="PASS" starttime="20200904 00:34:55.945" endtime="20200904 00:34:56.021"></status>
</kw>
<kw name="Click Sign In" library="Login_resources">
<kw name="Click Button" library="SeleniumLibrary">
<doc>Clicks the button identified by ``locator``.</doc>
<arguments>
<arg>id=sign-in-cta</arg>
</arguments>
<msg timestamp="20200904 00:34:56.022" level="INFO">Clicking button 'id=sign-in-cta'.</msg>
<status status="PASS" starttime="20200904 00:34:56.021" endtime="20200904 00:34:56.222"></status>
</kw>
<status status="PASS" starttime="20200904 00:34:56.021" endtime="20200904 00:34:56.223"></status>
</kw>
<kw name="Sleep" library="BuiltIn">
<doc>Pauses the test executed for the given time.</doc>
<arguments>
<arg>2</arg>
</arguments>
<msg timestamp="20200904 00:34:58.224" level="INFO">Slept 2 seconds</msg>
<status status="PASS" starttime="20200904 00:34:56.223" endtime="20200904 00:34:58.225"></status>
</kw>
<status status="PASS" starttime="20200904 00:34:55.873" endtime="20200904 00:34:58.226"></status>
</kw>
<status status="PASS" starttime="20200904 00:34:55.873" endtime="20200904 00:34:58.227" critical="yes"></status>
</test>
<kw name="Close browsers" library="Login_resources" type="teardown">
<kw name="Close All Browsers" library="SeleniumLibrary">
<doc>Closes all open browsers and resets the browser cache.</doc>
<status status="PASS" starttime="20200904 00:34:58.234" endtime="20200904 00:35:00.382"></status>
</kw>
<status status="PASS" starttime="20200904 00:34:58.232" endtime="20200904 00:35:00.383"></status>
</kw>
<status status="PASS" starttime="20200904 00:34:42.283" endtime="20200904 00:35:00.384"></status>
</suite>
<status status="PASS" starttime="20200904 00:34:42.280" endtime="20200904 00:35:00.402"></status>
</suite>
<status status="PASS" starttime="20200904 00:34:42.257" endtime="20200904 00:35:00.413"></status>
</suite>
<statistics>
<total>
<stat pass="4" fail="0">Critical Tests</stat>
<stat pass="4" fail="0">All Tests</stat>
</total>
<tag>
</tag>
<suite>
<stat pass="4" fail="0" id="s1" name="InnovationFunding">InnovationFunding</stat>
<stat pass="4" fail="0" id="s1-s1" name="TestCases">InnovationFunding.TestCases</stat>
<stat pass="4" fail="0" id="s1-s1-s1" name="InvalidLogin">InnovationFunding.TestCases.InvalidLogin</stat>
</suite>
</statistics>
<errors>
</errors>
</robot>
