<?xml version="1.0" encoding="UTF-8"?>
<robot generator="Robot 3.2.2 (Python 3.8.5 on win32)" generated="20200904 11:56:19.493" rpa="false">
<suite id="s1" name="InnovationFunding" source="C:\Users\janti\git\RobotProject\InnovationFunding">
<suite id="s1-s1" name="TestCases" source="C:\Users\janti\git\RobotProject\InnovationFunding\TestCases">
<suite id="s1-s1-s1" name="Login" source="C:\Users\janti\git\RobotProject\InnovationFunding\TestCases\login.robot">
<kw name="Open a browser" library="Login_resources" type="setup">
<kw name="Open Browser" library="SeleniumLibrary">
<doc>Opens a new browser instance to the optional ``url``.</doc>
<arguments>
<arg>${url}</arg>
<arg>${browser}</arg>
</arguments>
<msg timestamp="20200904 11:56:19.913" level="INFO">Opening browser 'Chrome' to base url 'https://apply-for-innovation-funding.service.gov.uk/'.</msg>
<status status="PASS" starttime="20200904 11:56:19.913" endtime="20200904 11:56:25.009"></status>
</kw>
<kw name="Maximize Browser Window" library="SeleniumLibrary">
<doc>Maximizes current browser window.</doc>
<status status="PASS" starttime="20200904 11:56:25.009" endtime="20200904 11:56:27.162"></status>
</kw>
<status status="PASS" starttime="20200904 11:56:19.912" endtime="20200904 11:56:27.163"></status>
</kw>
<test id="s1-s1-s1-t1" name="Incorrect email_id and password">
<kw name="Login">
<arguments>
<arg>testaccount@gmail.com</arg>
<arg>test1234</arg>
</arguments>
<kw name="Enter Email Address" library="Login_resources">
<arguments>
<arg>${email_id}</arg>
</arguments>
<kw name="Input Text" library="SeleniumLibrary">
<doc>Types the given ``text`` into the text field identified by ``locator``.</doc>
<arguments>
<arg>id=username</arg>
<arg>${email_id}</arg>
</arguments>
<msg timestamp="20200904 11:56:27.166" level="INFO">Typing text 'testaccount@gmail.com' into text field 'id=username'.</msg>
<status status="PASS" starttime="20200904 11:56:27.166" endtime="20200904 11:56:27.264"></status>
</kw>
<status status="PASS" starttime="20200904 11:56:27.165" endtime="20200904 11:56:27.264"></status>
</kw>
<kw name="Enter Password" library="Login_resources">
<arguments>
<arg>${password}</arg>
</arguments>
<kw name="Input Password" library="SeleniumLibrary">
<doc>Types the given password into the text field identified by ``locator``.</doc>
<arguments>
<arg>id=password</arg>
<arg>${password}</arg>
</arguments>
<msg timestamp="20200904 11:56:27.265" level="INFO">Typing password into text field 'id=password'.</msg>
<msg timestamp="20200904 11:56:27.301" level="INFO">Temporally setting log level to: NONE</msg>
<msg timestamp="20200904 11:56:27.346" level="INFO">Log level changed from NONE to INFO.</msg>
<status status="PASS" starttime="20200904 11:56:27.265" endtime="20200904 11:56:27.346"></status>
</kw>
<status status="PASS" starttime="20200904 11:56:27.264" endtime="20200904 11:56:27.346"></status>
</kw>
<kw name="Click Sign In" library="Login_resources">
<kw name="Click Button" library="SeleniumLibrary">
<doc>Clicks the button identified by ``locator``.</doc>
<arguments>
<arg>id=sign-in-cta</arg>
</arguments>
<msg timestamp="20200904 11:56:27.347" level="INFO">Clicking button 'id=sign-in-cta'.</msg>
<status status="PASS" starttime="20200904 11:56:27.347" endtime="20200904 11:56:27.749"></status>
</kw>
<status status="PASS" starttime="20200904 11:56:27.346" endtime="20200904 11:56:27.750"></status>
</kw>
<kw name="Sleep" library="BuiltIn">
<doc>Pauses the test executed for the given time.</doc>
<arguments>
<arg>2</arg>
</arguments>
<msg timestamp="20200904 11:56:29.751" level="INFO">Slept 2 seconds</msg>
<status status="PASS" starttime="20200904 11:56:27.750" endtime="20200904 11:56:29.752"></status>
</kw>
<status status="PASS" starttime="20200904 11:56:27.164" endtime="20200904 11:56:29.753"></status>
</kw>
<status status="PASS" starttime="20200904 11:56:27.163" endtime="20200904 11:56:29.754" critical="yes"></status>
</test>
<test id="s1-s1-s1-t2" name="Incorrect email_id and empty password">
<kw name="Login">
<arguments>
<arg>aba@yahoo.com</arg>
<arg>${EMPTY}</arg>
</arguments>
<kw name="Enter Email Address" library="Login_resources">
<arguments>
<arg>${email_id}</arg>
</arguments>
<kw name="Input Text" library="SeleniumLibrary">
<doc>Types the given ``text`` into the text field identified by ``locator``.</doc>
<arguments>
<arg>id=username</arg>
<arg>${email_id}</arg>
</arguments>
<msg timestamp="20200904 11:56:29.767" level="INFO">Typing text 'aba@yahoo.com' into text field 'id=username'.</msg>
<status status="PASS" starttime="20200904 11:56:29.765" endtime="20200904 11:56:29.972"></status>
</kw>
<status status="PASS" starttime="20200904 11:56:29.763" endtime="20200904 11:56:29.973"></status>
</kw>
<kw name="Enter Password" library="Login_resources">
<arguments>
<arg>${password}</arg>
</arguments>
<kw name="Input Password" library="SeleniumLibrary">
<doc>Types the given password into the text field identified by ``locator``.</doc>
<arguments>
<arg>id=password</arg>
<arg>${password}</arg>
</arguments>
<msg timestamp="20200904 11:56:29.974" level="INFO">Typing password into text field 'id=password'.</msg>
<msg timestamp="20200904 11:56:30.032" level="INFO">Temporally setting log level to: NONE</msg>
<msg timestamp="20200904 11:56:30.096" level="INFO">Log level changed from NONE to INFO.</msg>
<status status="PASS" starttime="20200904 11:56:29.973" endtime="20200904 11:56:30.096"></status>
</kw>
<status status="PASS" starttime="20200904 11:56:29.973" endtime="20200904 11:56:30.097"></status>
</kw>
<kw name="Click Sign In" library="Login_resources">
<kw name="Click Button" library="SeleniumLibrary">
<doc>Clicks the button identified by ``locator``.</doc>
<arguments>
<arg>id=sign-in-cta</arg>
</arguments>
<msg timestamp="20200904 11:56:30.098" level="INFO">Clicking button 'id=sign-in-cta'.</msg>
<status status="PASS" starttime="20200904 11:56:30.098" endtime="20200904 11:56:30.190"></status>
</kw>
<status status="PASS" starttime="20200904 11:56:30.097" endtime="20200904 11:56:30.190"></status>
</kw>
<kw name="Sleep" library="BuiltIn">
<doc>Pauses the test executed for the given time.</doc>
<arguments>
<arg>2</arg>
</arguments>
<msg timestamp="20200904 11:56:32.193" level="INFO">Slept 2 seconds</msg>
<status status="PASS" starttime="20200904 11:56:30.191" endtime="20200904 11:56:32.193"></status>
</kw>
<status status="PASS" starttime="20200904 11:56:29.760" endtime="20200904 11:56:32.194"></status>
</kw>
<status status="PASS" starttime="20200904 11:56:29.757" endtime="20200904 11:56:32.194" critical="yes"></status>
</test>
<test id="s1-s1-s1-t3" name="Empty email_id and wrong password">
<kw name="Login">
<arguments>
<arg>${EMPTY}</arg>
<arg>abc123</arg>
</arguments>
<kw name="Enter Email Address" library="Login_resources">
<arguments>
<arg>${email_id}</arg>
</arguments>
<kw name="Input Text" library="SeleniumLibrary">
<doc>Types the given ``text`` into the text field identified by ``locator``.</doc>
<arguments>
<arg>id=username</arg>
<arg>${email_id}</arg>
</arguments>
<msg timestamp="20200904 11:56:32.199" level="INFO">Typing text '' into text field 'id=username'.</msg>
<status status="PASS" starttime="20200904 11:56:32.199" endtime="20200904 11:56:32.255"></status>
</kw>
<status status="PASS" starttime="20200904 11:56:32.198" endtime="20200904 11:56:32.256"></status>
</kw>
<kw name="Enter Password" library="Login_resources">
<arguments>
<arg>${password}</arg>
</arguments>
<kw name="Input Password" library="SeleniumLibrary">
<doc>Types the given password into the text field identified by ``locator``.</doc>
<arguments>
<arg>id=password</arg>
<arg>${password}</arg>
</arguments>
<msg timestamp="20200904 11:56:32.258" level="INFO">Typing password into text field 'id=password'.</msg>
<msg timestamp="20200904 11:56:32.284" level="INFO">Temporally setting log level to: NONE</msg>
<msg timestamp="20200904 11:56:32.315" level="INFO">Log level changed from NONE to INFO.</msg>
<status status="PASS" starttime="20200904 11:56:32.257" endtime="20200904 11:56:32.316"></status>
</kw>
<status status="PASS" starttime="20200904 11:56:32.256" endtime="20200904 11:56:32.317"></status>
</kw>
<kw name="Click Sign In" library="Login_resources">
<kw name="Click Button" library="SeleniumLibrary">
<doc>Clicks the button identified by ``locator``.</doc>
<arguments>
<arg>id=sign-in-cta</arg>
</arguments>
<msg timestamp="20200904 11:56:32.318" level="INFO">Clicking button 'id=sign-in-cta'.</msg>
<status status="PASS" starttime="20200904 11:56:32.317" endtime="20200904 11:56:32.361"></status>
</kw>
<status status="PASS" starttime="20200904 11:56:32.317" endtime="20200904 11:56:32.361"></status>
</kw>
<kw name="Sleep" library="BuiltIn">
<doc>Pauses the test executed for the given time.</doc>
<arguments>
<arg>2</arg>
</arguments>
<msg timestamp="20200904 11:56:34.363" level="INFO">Slept 2 seconds</msg>
<status status="PASS" starttime="20200904 11:56:32.362" endtime="20200904 11:56:34.363"></status>
</kw>
<status status="PASS" starttime="20200904 11:56:32.196" endtime="20200904 11:56:34.363"></status>
</kw>
<status status="PASS" starttime="20200904 11:56:32.196" endtime="20200904 11:56:34.363" critical="yes"></status>
</test>
<test id="s1-s1-s1-t4" name="Empty email_id and password">
<kw name="Login">
<arguments>
<arg>${EMPTY}</arg>
<arg>${EMPTY}</arg>
</arguments>
<kw name="Enter Email Address" library="Login_resources">
<arguments>
<arg>${email_id}</arg>
</arguments>
<kw name="Input Text" library="SeleniumLibrary">
<doc>Types the given ``text`` into the text field identified by ``locator``.</doc>
<arguments>
<arg>id=username</arg>
<arg>${email_id}</arg>
</arguments>
<msg timestamp="20200904 11:56:34.366" level="INFO">Typing text '' into text field 'id=username'.</msg>
<status status="PASS" starttime="20200904 11:56:34.366" endtime="20200904 11:56:34.434"></status>
</kw>
<status status="PASS" starttime="20200904 11:56:34.365" endtime="20200904 11:56:34.435"></status>
</kw>
<kw name="Enter Password" library="Login_resources">
<arguments>
<arg>${password}</arg>
</arguments>
<kw name="Input Password" library="SeleniumLibrary">
<doc>Types the given password into the text field identified by ``locator``.</doc>
<arguments>
<arg>id=password</arg>
<arg>${password}</arg>
</arguments>
<msg timestamp="20200904 11:56:34.436" level="INFO">Typing password into text field 'id=password'.</msg>
<msg timestamp="20200904 11:56:34.484" level="INFO">Temporally setting log level to: NONE</msg>
<msg timestamp="20200904 11:56:34.516" level="INFO">Log level changed from NONE to INFO.</msg>
<status status="PASS" starttime="20200904 11:56:34.436" endtime="20200904 11:56:34.517"></status>
</kw>
<status status="PASS" starttime="20200904 11:56:34.435" endtime="20200904 11:56:34.518"></status>
</kw>
<kw name="Click Sign In" library="Login_resources">
<kw name="Click Button" library="SeleniumLibrary">
<doc>Clicks the button identified by ``locator``.</doc>
<arguments>
<arg>id=sign-in-cta</arg>
</arguments>
<msg timestamp="20200904 11:56:34.518" level="INFO">Clicking button 'id=sign-in-cta'.</msg>
<status status="PASS" starttime="20200904 11:56:34.518" endtime="20200904 11:56:34.812"></status>
</kw>
<status status="PASS" starttime="20200904 11:56:34.518" endtime="20200904 11:56:34.813"></status>
</kw>
<kw name="Sleep" library="BuiltIn">
<doc>Pauses the test executed for the given time.</doc>
<arguments>
<arg>2</arg>
</arguments>
<msg timestamp="20200904 11:56:36.815" level="INFO">Slept 2 seconds</msg>
<status status="PASS" starttime="20200904 11:56:34.813" endtime="20200904 11:56:36.815"></status>
</kw>
<status status="PASS" starttime="20200904 11:56:34.365" endtime="20200904 11:56:36.815"></status>
</kw>
<status status="PASS" starttime="20200904 11:56:34.364" endtime="20200904 11:56:36.816" critical="yes"></status>
</test>
<kw name="Close browsers" library="Login_resources" type="teardown">
<kw name="Close All Browsers" library="SeleniumLibrary">
<doc>Closes all open browsers and resets the browser cache.</doc>
<status status="PASS" starttime="20200904 11:56:36.818" endtime="20200904 11:56:38.929"></status>
</kw>
<status status="PASS" starttime="20200904 11:56:36.817" endtime="20200904 11:56:38.930"></status>
</kw>
<status status="PASS" starttime="20200904 11:56:19.577" endtime="20200904 11:56:38.931"></status>
</suite>
<status status="PASS" starttime="20200904 11:56:19.574" endtime="20200904 11:56:38.949"></status>
</suite>
<status status="PASS" starttime="20200904 11:56:19.550" endtime="20200904 11:56:38.963"></status>
</suite>
<statistics>
<total>
<stat pass="4" fail="0">Critical Tests</stat>
<stat pass="4" fail="0">All Tests</stat>
</total>
<tag>
</tag>
<suite>
<stat pass="4" fail="0" id="s1" name="InnovationFunding">InnovationFunding</stat>
<stat pass="4" fail="0" id="s1-s1" name="TestCases">InnovationFunding.TestCases</stat>
<stat pass="4" fail="0" id="s1-s1-s1" name="Login">InnovationFunding.TestCases.Login</stat>
</suite>
</statistics>
<errors>
</errors>
</robot>
